<?xml version="1.0" encoding="UTF-8"?>
<!-- Generated by org.testng.reporters.JUnitReportReporter -->
<testsuite skipped="0" hostname="600800J300NS223" name="com.codebind.Assignment" tests="1" failures="0" timestamp="30 Nov 2017 12:21:30 GMT" time="34.089" errors="0">
  <testcase name="validLoginTest" time="34.089" classname="com.codebind.Assignment"/>
</testsuite> <!-- com.codebind.Assignment -->
